appPlugin1/build/intermediates/manifest_merge_blame_file/debug/manifest-merger-blame-debug-report.txt
1<?xml version="1.0" encoding="utf-8"?>
2<!--
3  ~ Copyright (C) 2005-2017 Qihoo 360 Inc.
4  ~
5  ~ Licensed under the Apache License, Version 2.0 (the "License"); you may not
6  ~ use this file except in compliance with the License. You may obtain a copy of
7  ~ the License at
8  ~
9  ~ http://www.apache.org/licenses/LICENSE-2.0
10  ~
11  ~ Unless required by applicable law or agreed To in writing, software
12  ~ distributed under the License is distributed on an "AS IS" BASIS, WITHOUT
13  ~ WARRANTIES OR CONDITIONS OF ANY KIND, either express or implied. See the
14  ~ License for the specific language governing permissions and limitations under
15  ~ the License.
16-->
17<manifest xmlns:android="http://schemas.android.com/apk/res/android"
18    package="com.qihoo360.replugin.sample.demo1"
19    android:versionCode="104"
20    android:versionName="1.1" >
21
22    <uses-sdk
23        android:minSdkVersion="15"
23-->src\main\AndroidManifest.xml
24        android:targetSdkVersion="21" />
24-->src\main\AndroidManifest.xml
25
26    <uses-permission android:name="android.permission.WRITE_EXTERNAL_STORAGE" />
27    <uses-permission android:name="android.permission.READ_PHONE_STATE" />
28    <uses-permission android:name="android.permission.READ_EXTERNAL_STORAGE" />
29
30    <application
30-->src\main\AndroidManifest.xml:20:5-177:19
31        android:name="com.qihoo360.replugin.sample.demo1.MainApp"
31-->src\main\AndroidManifest.xml:21:9-32
32        android:allowBackup="false"
32-->src\main\AndroidManifest.xml:22:9-36
33        android:debuggable="true"
34        android:icon="@mipmap/app_icon"
34-->src\main\AndroidManifest.xml:23:9-40
35        android:label="@string/app_name"
35-->src\main\AndroidManifest.xml:24:9-41
36        android:supportsRtl="true" >
36-->[:plugin-library:] AndroidManifest.xml:14:9-35
37        <meta-data
37-->src\main\AndroidManifest.xml:26:9-30:19
38            android:name="process_map"
38-->src\main\AndroidManifest.xml:27:13-39
39            android:value="[             {&apos;from&apos;:&apos;com.qihoo360.replugin.sample.demo1:bg&apos;,&apos;to&apos;:&apos;$p0&apos;}             ]" />
39-->src\main\AndroidManifest.xml:26:9-30:19
40
41        <activity
41-->src\main\AndroidManifest.xml:32:9-41:20
42            android:name="com.qihoo360.replugin.sample.demo1.MainActivity"
42-->src\main\AndroidManifest.xml:33:13-41
43            android:configChanges="keyboard|keyboardHidden|orientation"
43-->src\main\AndroidManifest.xml:34:13-72
44            android:exported="true"
44-->src\main\AndroidManifest.xml:35:13-36
45            android:screenOrientation="portrait" >
45-->src\main\AndroidManifest.xml:36:13-49
46            <intent-filter>
46-->src\main\AndroidManifest.xml:37:13-40:29
47                <action android:name="android.intent.action.MAIN" />
47-->src\main\AndroidManifest.xml:38:17-69
47-->src\main\AndroidManifest.xml:38:25-66
48
49                <category android:name="android.intent.category.LAUNCHER" />
49-->src\main\AndroidManifest.xml:39:17-77
49-->src\main\AndroidManifest.xml:39:27-74
50            </intent-filter>
51        </activity>
52
53        <!-- 最简Activity -->
54        <activity
54-->src\main\AndroidManifest.xml:44:9-47:52
55            android:name="com.qihoo360.replugin.sample.demo1.activity.standard.StandardActivity"
55-->src\main\AndroidManifest.xml:45:13-63
56            android:exported="false"
56-->src\main\AndroidManifest.xml:46:13-37
57            android:screenOrientation="portrait" />
57-->src\main\AndroidManifest.xml:47:13-49
58
59        <!-- theme 测试 -->
60        <activity
60-->src\main\AndroidManifest.xml:50:9-55:69
61            android:name="com.qihoo360.replugin.sample.demo1.activity.theme.ThemeBlackNoTitleBarActivity"
61-->src\main\AndroidManifest.xml:51:13-72
62            android:exported="false"
62-->src\main\AndroidManifest.xml:52:13-37
63            android:launchMode="singleTask"
63-->src\main\AndroidManifest.xml:53:13-44
64            android:screenOrientation="portrait"
64-->src\main\AndroidManifest.xml:54:13-49
65            android:theme="@android:style/Theme.Black.NoTitleBar" />
65-->src\main\AndroidManifest.xml:55:13-66
66
67        <!-- NoTitleBar -->
68        <activity
68-->src\main\AndroidManifest.xml:58:9-62:59
69            android:name="com.qihoo360.replugin.sample.demo1.activity.theme.ThemeDialogActivity"
69-->src\main\AndroidManifest.xml:59:13-63
70            android:exported="false"
70-->src\main\AndroidManifest.xml:60:13-37
71            android:screenOrientation="portrait"
71-->src\main\AndroidManifest.xml:61:13-49
72            android:theme="@android:style/Theme.Dialog" />
72-->src\main\AndroidManifest.xml:62:13-56
73
74        <!-- NoTitleBarFullScreen -->
75        <activity
75-->src\main\AndroidManifest.xml:65:9-74:20
76            android:name="com.qihoo360.replugin.sample.demo1.activity.theme.ThemeBlackNoTitleBarFullscreenActivity"
76-->src\main\AndroidManifest.xml:66:13-82
77            android:screenOrientation="portrait"
77-->src\main\AndroidManifest.xml:67:13-49
78            android:theme="@android:style/Theme.Black.NoTitleBar.Fullscreen" >
78-->src\main\AndroidManifest.xml:68:13-77
79            <intent-filter>
79-->src\main\AndroidManifest.xml:69:13-73:29
80                <action android:name="com.qihoo360.replugin.sample.demo1.action.theme_fullscreen" />
80-->src\main\AndroidManifest.xml:70:17-101
80-->src\main\AndroidManifest.xml:70:25-98
81
82                <category android:name="android.intent.category.DEFAULT" />
82-->src\main\AndroidManifest.xml:71:17-76
82-->src\main\AndroidManifest.xml:71:27-73
83                <category android:name="com.qihoo360.repluginapp.replugin.demo1.CATEGORY1" />
83-->src\main\AndroidManifest.xml:72:17-94
83-->src\main\AndroidManifest.xml:72:27-91
84            </intent-filter>
85        </activity>
86
87        <!-- receivers -->
88        <receiver android:name="com.qihoo360.replugin.sample.demo1.receivers.PluginDemo1Receiver" >
88-->src\main\AndroidManifest.xml:77:9-81:20
88-->src\main\AndroidManifest.xml:77:19-64
89            <intent-filter>
89-->src\main\AndroidManifest.xml:78:13-80:29
90                <action android:name="com.qihoo360.repluginapp.replugin.receiver.ACTION1" />
90-->src\main\AndroidManifest.xml:79:17-93
90-->src\main\AndroidManifest.xml:79:25-90
91            </intent-filter>
92        </receiver>
93
94        <!-- service -->
95        <service android:name="com.qihoo360.replugin.sample.demo1.service.PluginDemoAppService" />
95-->src\main\AndroidManifest.xml:84:9-85:60
95-->src\main\AndroidManifest.xml:85:13-57
96        <service
96-->src\main\AndroidManifest.xml:86:9-88:37
97            android:name="com.qihoo360.replugin.sample.demo1.service.PluginDemoService1"
97-->src\main\AndroidManifest.xml:87:13-55
98            android:process=":bg" />
98-->src\main\AndroidManifest.xml:88:13-34
99        <service android:name="com.qihoo360.replugin.sample.demo1.service.PluginDemoService2" >
99-->src\main\AndroidManifest.xml:89:9-94:19
99-->src\main\AndroidManifest.xml:90:13-55
100            <intent-filter>
100-->src\main\AndroidManifest.xml:91:13-93:29
101                <action android:name="com.qihoo360.replugin.sample.demo1.action.XXXX" />
101-->src\main\AndroidManifest.xml:92:17-89
101-->src\main\AndroidManifest.xml:92:25-86
102            </intent-filter>
103        </service>
104
105        <!-- TaskAffinity -->
106        <activity
106-->src\main\AndroidManifest.xml:97:9-101:69
107            android:name="com.qihoo360.replugin.sample.demo1.activity.task_affinity.TAActivity1"
107-->src\main\AndroidManifest.xml:98:13-63
108            android:launchMode="singleTask"
108-->src\main\AndroidManifest.xml:99:13-44
109            android:taskAffinity=":ta_1"
109-->src\main\AndroidManifest.xml:100:13-41
110            android:theme="@android:style/Theme.Black.NoTitleBar" />
110-->src\main\AndroidManifest.xml:101:13-66
111        <activity
111-->src\main\AndroidManifest.xml:102:9-106:69
112            android:name="com.qihoo360.replugin.sample.demo1.activity.task_affinity.TAActivity2"
112-->src\main\AndroidManifest.xml:103:13-63
113            android:launchMode="singleTask"
113-->src\main\AndroidManifest.xml:104:13-44
114            android:taskAffinity=":ta_1"
114-->src\main\AndroidManifest.xml:105:13-41
115            android:theme="@android:style/Theme.Black.NoTitleBar" />
115-->src\main\AndroidManifest.xml:106:13-66
116        <activity
116-->src\main\AndroidManifest.xml:107:9-111:69
117            android:name="com.qihoo360.replugin.sample.demo1.activity.task_affinity.TAActivity3"
117-->src\main\AndroidManifest.xml:108:13-63
118            android:launchMode="singleTask"
118-->src\main\AndroidManifest.xml:109:13-44
119            android:taskAffinity=":ta_1"
119-->src\main\AndroidManifest.xml:110:13-41
120            android:theme="@android:style/Theme.Black.NoTitleBar" />
120-->src\main\AndroidManifest.xml:111:13-66
121        <activity
121-->src\main\AndroidManifest.xml:112:9-116:69
122            android:name="com.qihoo360.replugin.sample.demo1.activity.task_affinity.TAActivity4"
122-->src\main\AndroidManifest.xml:113:13-63
123            android:launchMode="singleTask"
123-->src\main\AndroidManifest.xml:114:13-44
124            android:taskAffinity=":ta_1"
124-->src\main\AndroidManifest.xml:115:13-41
125            android:theme="@android:style/Theme.Black.NoTitleBar" />
125-->src\main\AndroidManifest.xml:116:13-66
126
127        <!-- TaskAffinity-end -->
128
129        <activity
129-->src\main\AndroidManifest.xml:120:9-123:69
130            android:name="com.qihoo360.replugin.sample.demo1.activity.single_instance.TIActivity1"
130-->src\main\AndroidManifest.xml:121:13-65
131            android:launchMode="singleInstance"
131-->src\main\AndroidManifest.xml:122:13-48
132            android:theme="@android:style/Theme.Black.NoTitleBar" />
132-->src\main\AndroidManifest.xml:123:13-66
133
134        <!-- SingleTop -->
135        <activity
135-->src\main\AndroidManifest.xml:126:9-129:69
136            android:name="com.qihoo360.replugin.sample.demo1.activity.single_top.SingleTopActivity1"
136-->src\main\AndroidManifest.xml:127:13-67
137            android:launchMode="singleTop"
137-->src\main\AndroidManifest.xml:128:13-43
138            android:theme="@android:style/Theme.Black.NoTitleBar" />
138-->src\main\AndroidManifest.xml:129:13-66
139
140        <!-- IntentFilter -->
141
142        <activity
142-->src\main\AndroidManifest.xml:133:9-141:20
143            android:name="com.qihoo360.replugin.sample.demo1.activity.intent_filter.IntentFilterDemoActivity1"
143-->src\main\AndroidManifest.xml:134:13-77
144            android:theme="@android:style/Theme.Black.NoTitleBar" >
144-->src\main\AndroidManifest.xml:135:13-66
145            <intent-filter>
145-->src\main\AndroidManifest.xml:136:13-140:29
146                <action android:name="android.intent.action.demo1" />
146-->src\main\AndroidManifest.xml:137:17-70
146-->src\main\AndroidManifest.xml:137:25-67
147
148                <category android:name="android.intent.category.DEFAULT" />
148-->src\main\AndroidManifest.xml:71:17-76
148-->src\main\AndroidManifest.xml:71:27-73
149                <category android:name="category_demo" />
149-->src\main\AndroidManifest.xml:139:17-58
149-->src\main\AndroidManifest.xml:139:27-55
150            </intent-filter>
151        </activity>
152        <activity
152-->src\main\AndroidManifest.xml:143:9-146:51
153            android:name="com.qihoo360.replugin.sample.demo1.activity.preference.PrefActivity1"
153-->src\main\AndroidManifest.xml:144:13-62
154            android:configChanges="keyboard|keyboardHidden|orientation"
154-->src\main\AndroidManifest.xml:145:13-72
155            android:screenOrientation="portrait" />
155-->src\main\AndroidManifest.xml:146:13-49
156        <activity
156-->src\main\AndroidManifest.xml:148:9-151:51
157            android:name="com.qihoo360.replugin.sample.demo1.activity.preference.PrefActivity2"
157-->src\main\AndroidManifest.xml:149:13-62
158            android:configChanges="keyboard|keyboardHidden|orientation"
158-->src\main\AndroidManifest.xml:150:13-72
159            android:screenOrientation="portrait" />
159-->src\main\AndroidManifest.xml:151:13-49
160        <activity
160-->src\main\AndroidManifest.xml:153:9-155:51
161            android:name="com.qihoo360.replugin.sample.demo1.activity.webview.WebViewActivity"
161-->src\main\AndroidManifest.xml:153:19-67
162            android:configChanges="keyboard|keyboardHidden|orientation"
162-->src\main\AndroidManifest.xml:154:13-72
163            android:screenOrientation="portrait" />
163-->src\main\AndroidManifest.xml:155:13-49
164
165        <provider
165-->src\main\AndroidManifest.xml:157:9-159:82
166            android:name="com.qihoo360.replugin.sample.demo1.provider.Provider2"
166-->src\main\AndroidManifest.xml:158:13-47
167            android:authorities="com.qihoo360.replugin.sample.demo1.provider2" />
167-->src\main\AndroidManifest.xml:159:13-79
168
169        <activity android:name="com.qihoo360.replugin.sample.demo1.activity.for_result.ForResultActivity" />
169-->src\main\AndroidManifest.xml:161:9-74
169-->src\main\AndroidManifest.xml:161:19-72
170        <activity android:name="com.qihoo360.replugin.sample.demo1.activity.file_provider.FileProviderActivity" />
170-->src\main\AndroidManifest.xml:163:9-80
170-->src\main\AndroidManifest.xml:163:19-78
171        <activity android:name="com.qihoo360.replugin.sample.demo1.activity.notify_test.NotifyActivity" />
171-->src\main\AndroidManifest.xml:165:9-72
171-->src\main\AndroidManifest.xml:165:19-70
172
173        <!-- 以下provider，作为插件时，可注释掉；作为单独APK时需要声明 -->
174        <provider
174-->src\main\AndroidManifest.xml:168:9-176:20
175            android:name="com.qihoo360.replugin.sample.demo1.provider.FileProvider"
175-->src\main\AndroidManifest.xml:169:13-84
176            android:authorities="com.qihoo360.replugin.sample.host.FILE_PROVIDER"
176-->src\main\AndroidManifest.xml:170:13-82
177            android:exported="false"
177-->src\main\AndroidManifest.xml:171:13-37
178            android:grantUriPermissions="true" >
178-->src\main\AndroidManifest.xml:172:13-47
179            <meta-data
179-->src\main\AndroidManifest.xml:173:13-175:61
180                android:name="android.support.FILE_PROVIDER_PATHS"
180-->src\main\AndroidManifest.xml:174:17-67
181                android:resource="@xml/fileprovider_path" />
181-->src\main\AndroidManifest.xml:175:17-58
182        </provider>
183
184        <activity
184-->[:plugin-library:] AndroidManifest.xml:15:9-18:20
185            android:name="com.qihoo360.replugin.sample.library.LibMainActivity"
185-->[:plugin-library:] AndroidManifest.xml:16:13-80
186            android:label="@string/app_name" >
186-->[:plugin-library:] AndroidManifest.xml:17:13-45
187        </activity>
188    </application>
189
190</manifest>